  main.cpp
C:\Users\11195\OneDrive - University of Leeds\Desktop\year4\ComputerGraphics\cw2-main\computerGraphics\cw2\main\main.cpp(1,1): warning C4828: 文件包含在偏移 0x6a0e 处开始的字符，该字符在当前源字符集中无效(代码页 65001)。
C:\Users\11195\OneDrive - University of Leeds\Desktop\year4\ComputerGraphics\cw2-main\computerGraphics\cw2\main\main.cpp(1,1): warning C4828: 文件包含在偏移 0x6a10 处开始的字符，该字符在当前源字符集中无效(代码页 65001)。
C:\Users\11195\OneDrive - University of Leeds\Desktop\year4\ComputerGraphics\cw2-main\computerGraphics\cw2\main\main.cpp(1,1): warning C4828: 文件包含在偏移 0x6a12 处开始的字符，该字符在当前源字符集中无效(代码页 65001)。
C:\Users\11195\OneDrive - University of Leeds\Desktop\year4\ComputerGraphics\cw2-main\computerGraphics\cw2\main\main.cpp(1,1): warning C4828: 文件包含在偏移 0x6a15 处开始的字符，该字符在当前源字符集中无效(代码页 65001)。
C:\Users\11195\OneDrive - University of Leeds\Desktop\year4\ComputerGraphics\cw2-main\computerGraphics\cw2\main\main.cpp(1,1): warning C4828: 文件包含在偏移 0x6a1c 处开始的字符，该字符在当前源字符集中无效(代码页 65001)。
C:\Users\11195\OneDrive - University of Leeds\Desktop\year4\ComputerGraphics\cw2-main\computerGraphics\cw2\main\main.cpp(1,1): warning C4828: 文件包含在偏移 0x6a1d 处开始的字符，该字符在当前源字符集中无效(代码页 65001)。
C:\Users\11195\OneDrive - University of Leeds\Desktop\year4\ComputerGraphics\cw2-main\computerGraphics\cw2\main\main.cpp(1,1): warning C4828: 文件包含在偏移 0x6a1f 处开始的字符，该字符在当前源字符集中无效(代码页 65001)。
C:\Users\11195\OneDrive - University of Leeds\Desktop\year4\ComputerGraphics\cw2-main\computerGraphics\cw2\third_party\glm\detail\type_quat.hpp(48,30): warning C4201: 使用了非标准扩展: 无名称的结构/联合
C:\Users\11195\OneDrive - University of Leeds\Desktop\year4\ComputerGraphics\cw2-main\computerGraphics\cw2\third_party\glm\detail\type_quat.hpp(138): message : 查看对正在编译的 类 模板 实例化“glm::qua<T,Q>”的引用
C:\Users\11195\OneDrive - University of Leeds\Desktop\year4\ComputerGraphics\cw2-main\computerGraphics\cw2\main\camera.h(88,56): warning C4100: “deltaTime”: 未引用的形参
C:\Users\11195\OneDrive - University of Leeds\Desktop\year4\ComputerGraphics\cw2-main\computerGraphics\cw2\main\main.cpp(983,18): warning C4456: “angle”的声明隐藏了上一个本地声明
C:\Users\11195\OneDrive - University of Leeds\Desktop\year4\ComputerGraphics\cw2-main\computerGraphics\cw2\main\main.cpp(822,8): message : 参见“angle”的声明
C:\Users\11195\OneDrive - University of Leeds\Desktop\year4\ComputerGraphics\cw2-main\computerGraphics\cw2\main\main.cpp(1002,18): warning C4456: “angle”的声明隐藏了上一个本地声明
C:\Users\11195\OneDrive - University of Leeds\Desktop\year4\ComputerGraphics\cw2-main\computerGraphics\cw2\main\main.cpp(822,8): message : 参见“angle”的声明
C:\Users\11195\OneDrive - University of Leeds\Desktop\year4\ComputerGraphics\cw2-main\computerGraphics\cw2\main\main.cpp(1021,18): warning C4456: “angle”的声明隐藏了上一个本地声明
C:\Users\11195\OneDrive - University of Leeds\Desktop\year4\ComputerGraphics\cw2-main\computerGraphics\cw2\main\main.cpp(822,8): message : 参见“angle”的声明
C:\Users\11195\OneDrive - University of Leeds\Desktop\year4\ComputerGraphics\cw2-main\computerGraphics\cw2\main\main.cpp(1104,22): warning C4456: “model”的声明隐藏了上一个本地声明
C:\Users\11195\OneDrive - University of Leeds\Desktop\year4\ComputerGraphics\cw2-main\computerGraphics\cw2\main\main.cpp(1030,13): message : 参见“model”的声明
C:\Users\11195\OneDrive - University of Leeds\Desktop\year4\ComputerGraphics\cw2-main\computerGraphics\cw2\main\main.cpp(1106,18): warning C4456: “angle”的声明隐藏了上一个本地声明
C:\Users\11195\OneDrive - University of Leeds\Desktop\year4\ComputerGraphics\cw2-main\computerGraphics\cw2\main\main.cpp(822,8): message : 参见“angle”的声明
C:\Users\11195\OneDrive - University of Leeds\Desktop\year4\ComputerGraphics\cw2-main\computerGraphics\cw2\main\main.cpp(983,10): warning C4189: “angle”: 局部变量已初始化但不引用
C:\Users\11195\OneDrive - University of Leeds\Desktop\year4\ComputerGraphics\cw2-main\computerGraphics\cw2\main\main.cpp(1002,10): warning C4189: “angle”: 局部变量已初始化但不引用
C:\Users\11195\OneDrive - University of Leeds\Desktop\year4\ComputerGraphics\cw2-main\computerGraphics\cw2\main\main.cpp(1021,10): warning C4189: “angle”: 局部变量已初始化但不引用
C:\Users\11195\OneDrive - University of Leeds\Desktop\year4\ComputerGraphics\cw2-main\computerGraphics\cw2\main\main.cpp(1106,10): warning C4189: “angle”: 局部变量已初始化但不引用
C:\Users\11195\OneDrive - University of Leeds\Desktop\year4\ComputerGraphics\cw2-main\computerGraphics\cw2\main\main.cpp(1243,44): warning C4100: “window”: 未引用的形参
C:\Users\11195\OneDrive - University of Leeds\Desktop\year4\ComputerGraphics\cw2-main\computerGraphics\cw2\main\main.cpp(1253,33): warning C4100: “window”: 未引用的形参
C:\Users\11195\OneDrive - University of Leeds\Desktop\year4\ComputerGraphics\cw2-main\computerGraphics\cw2\main\main.cpp(1276,49): warning C4100: “xoffset”: 未引用的形参
C:\Users\11195\OneDrive - University of Leeds\Desktop\year4\ComputerGraphics\cw2-main\computerGraphics\cw2\main\main.cpp(1276,34): warning C4100: “window”: 未引用的形参
C:\Users\11195\OneDrive - University of Leeds\Desktop\year4\ComputerGraphics\cw2-main\computerGraphics\cw2\main\main.cpp(1348): warning C4701: 使用了可能未初始化的局部变量“format”
  main.vcxproj -> C:\Users\11195\OneDrive - University of Leeds\Desktop\year4\ComputerGraphics\cw2-main\computerGraphics\cw2\bin\main-debug-x64-msc-v143.exe
